[Wed Mar 11 02:02:00 +03 2026] OTONOM DÖNGÜ BAŞLADI (Süre: 2 Saat)
--- Döngü Tetiklendi: 2026-03-11 02:02:00 ---
[2026-03-11 02:02:00] [MONKEY] Satıcı kayıt formu dolduruluyor (Firma_19324)...
[2026-03-11 02:02:00] [SHADOW] Hata tespit edildi (HTTP 400). Oto-onarım logu oluşturuluyor...
[main 4a61e46] fix(api): auto-healing auth route failure 19324
 1 file changed, 1 insertion(+)
To https://github.com/atkaratas/openbazaar.git
   e0f6c90..4a61e46  main -> main
[2026-03-11 02:02:00] [SHADOW] Hata onarıldı ve Github'a pushlandı.
--- Döngü Tetiklendi: 2026-03-11 02:04:04 ---
[2026-03-11 02:04:04] [MONKEY] Satıcı kayıt formu dolduruluyor (Firma_9548)...
[2026-03-11 02:04:04] [SHADOW] Hata tespit edildi (HTTP 400). Oto-onarım logu oluşturuluyor...
[main 1ce1145] fix(api): auto-healing auth route failure 9548
 1 file changed, 1 insertion(+)
To https://github.com/atkaratas/openbazaar.git
   48d1e1b..1ce1145  main -> main
[2026-03-11 02:04:04] [SHADOW] Hata onarıldı ve Github'a pushlandı.
--- Döngü Tetiklendi: 2026-03-11 02:06:05 ---
[2026-03-11 02:06:05] [MONKEY] Satıcı kayıt formu dolduruluyor (Firma_24351)...
[2026-03-11 02:06:05] [SHADOW] Hata tespit edildi (HTTP 400). Oto-onarım logu oluşturuluyor...
[main a059083] fix(api): auto-healing auth route failure 24351
 1 file changed, 14 insertions(+), 2 deletions(-)
To https://github.com/atkaratas/openbazaar.git
   7b56164..a059083  main -> main
[2026-03-11 02:06:05] [SHADOW] Hata onarıldı ve Github'a pushlandı.
--- Döngü Tetiklendi: 2026-03-11 02:08:08 ---
[2026-03-11 02:08:08] [MONKEY] Satıcı kayıt formu dolduruluyor (Firma_32495)...
[2026-03-11 02:08:08] [MONKEY] Form başarıyla iletildi ve veritabanına yazıldı (HTTP 200).
[2026-03-10T23:08:15.532Z] Starting E2E Simulator...
[2026-03-10T23:08:15.533Z] Simulating POST /api/auth/register...
[2026-03-10T23:08:19.349Z] API SUCCESS: {"success":true,"user":{"email":"monkey_1773184095533@example.com","role":"SELLER"}}
[2026-03-10T23:08:19.349Z] Simulating DB Seller Approval...
[2026-03-10T23:08:21.069Z] Found unverified store: Monkey E2E Corp. Approving...
[2026-03-10T23:08:21.392Z] DB SUCCESS: Store Monkey E2E Corp approved.
[2026-03-10T23:08:21.396Z] E2E Simulation finished.

--- Döngü Tetiklendi: 2026-03-11 02:10:11 ---
[2026-03-11 02:10:11] [MONKEY] Satıcı kayıt formu dolduruluyor (Firma_13325)...
[2026-03-11 02:10:11] [MONKEY] Form başarıyla iletildi ve veritabanına yazıldı (HTTP 200).
--- Döngü Tetiklendi: 2026-03-11 02:12:13 ---
[2026-03-11 02:12:13] [MONKEY] Satıcı kayıt formu dolduruluyor (Firma_29783)...
[2026-03-11 02:12:13] [MONKEY] Form başarıyla iletildi ve veritabanına yazıldı (HTTP 200).
--- Döngü Tetiklendi: 2026-03-11 02:14:16 ---
[2026-03-11 02:14:16] [MONKEY] Satıcı kayıt formu dolduruluyor (Firma_19141)...
[2026-03-11 02:14:16] [MONKEY] Form başarıyla iletildi ve veritabanına yazıldı (HTTP 200).
--- Döngü Tetiklendi: 2026-03-11 02:16:18 ---
[2026-03-11 02:16:18] [MONKEY] Satıcı kayıt formu dolduruluyor (Firma_26682)...
[2026-03-11 02:16:18] [MONKEY] Form başarıyla iletildi ve veritabanına yazıldı (HTTP 200).
--- Döngü Tetiklendi: 2026-03-11 02:18:20 ---
[2026-03-11 02:18:20] [MONKEY] Satıcı kayıt formu dolduruluyor (Firma_18139)...
[2026-03-11 02:18:20] [MONKEY] Form başarıyla iletildi ve veritabanına yazıldı (HTTP 200).
--- Döngü Tetiklendi: 2026-03-11 02:20:22 ---
[2026-03-11 02:20:22] [MONKEY] Satıcı kayıt formu dolduruluyor (Firma_18831)...
[2026-03-11 02:20:22] [MONKEY] Form başarıyla iletildi ve veritabanına yazıldı (HTTP 200).
--- Döngü Tetiklendi: 2026-03-11 02:22:24 ---
[2026-03-11 02:22:24] [MONKEY] Satıcı kayıt formu dolduruluyor (Firma_27564)...
[2026-03-11 02:22:24] [MONKEY] Form başarıyla iletildi ve veritabanına yazıldı (HTTP 200).
--- Döngü Tetiklendi: 2026-03-11 02:24:27 ---
[2026-03-11 02:24:27] [MONKEY] Satıcı kayıt formu dolduruluyor (Firma_24989)...
[2026-03-11 02:24:27] [MONKEY] Form başarıyla iletildi ve veritabanına yazıldı (HTTP 200).
--- Döngü Tetiklendi: 2026-03-11 02:26:29 ---
[2026-03-11 02:26:29] [MONKEY] Satıcı kayıt formu dolduruluyor (Firma_1042)...
[2026-03-11 02:26:29] [MONKEY] Form başarıyla iletildi ve veritabanına yazıldı (HTTP 200).
--- Döngü Tetiklendi: 2026-03-11 02:28:32 ---
[2026-03-11 02:28:32] [MONKEY] Satıcı kayıt formu dolduruluyor (Firma_22016)...
[2026-03-11 02:28:32] [MONKEY] Form başarıyla iletildi ve veritabanına yazıldı (HTTP 200).
--- Döngü Tetiklendi: 2026-03-11 02:30:35 ---
[2026-03-11 02:30:35] [MONKEY] Satıcı kayıt formu dolduruluyor (Firma_26122)...
[2026-03-11 02:30:35] [MONKEY] Form başarıyla iletildi ve veritabanına yazıldı (HTTP 200).
--- Döngü Tetiklendi: 2026-03-11 02:32:38 ---
[2026-03-11 02:32:38] [MONKEY] Satıcı kayıt formu dolduruluyor (Firma_31401)...
[2026-03-11 02:32:38] [MONKEY] Form başarıyla iletildi ve veritabanına yazıldı (HTTP 200).
--- Döngü Tetiklendi: 2026-03-11 02:34:40 ---
[2026-03-11 02:34:40] [MONKEY] Satıcı kayıt formu dolduruluyor (Firma_2746)...
[2026-03-11 02:34:40] [MONKEY] Form başarıyla iletildi ve veritabanına yazıldı (HTTP 200).
