
[Persona: Admin] - [Görev: Reset OpenClaw Gateway] - ERROR: OpenClaw browser kilitlendi. Lütfen 'openclaw gateway restart' komutunu çalıştır.

[Persona: Admin] - [Görev: Reset OpenClaw Gateway] - ERROR: OpenClaw browser kilitlendi. Lütfen 'openclaw gateway restart' komutunu çalıştır.
2026-03-12 08:17:00,890 - ChaosSwarm - INFO - [Persona: Customer] - [Görev: Admin panel: Satış raporu alma] - BAŞARILI
2026-03-12 08:17:12,894 - ChaosSwarm - INFO - [Persona: Supplier] - [Görev: Gümrük onayı] - BAŞARILI
2026-03-12 08:17:19,969 - ChaosSwarm - INFO - [Persona: Customer] - [Görev: Şifre sıfırlama] - BAŞARILI
2026-03-12 08:17:32,043 - ChaosSwarm - INFO - [Persona: Customer] - [Görev: Kullanıcı kaydı] - BAŞARILI
2026-03-12 08:17:46,119 - ChaosSwarm - INFO - [Persona: Supplier] - [Görev: Admin panel: Satış raporu alma] - BAŞARILI
2026-03-12 08:17:51,137 - ChaosSwarm - INFO - [Persona: Admin] - [Görev: Tedarikçi envanter güncelleme] - BAŞARILI
2026-03-12 08:17:59,195 - ChaosSwarm - INFO - [Persona: Admin] - [Görev: API Key üretimi] - BAŞARILI
2026-03-12 08:18:07,262 - ChaosSwarm - ERROR - [Persona: Customer] - [Görev: Sipariş geçmişi görüntüleme] - HATA: UX Error: Sepete Ekle butonu kırık/tıklanmıyor
2026-03-12 08:18:18,302 - ChaosSwarm - INFO - [Persona: Customer] - [Görev: İndirim kodu uygulama] - BAŞARILI
2026-03-12 08:18:32,363 - ChaosSwarm - INFO - [Persona: Admin] - [Görev: Profil güncelleme] - BAŞARILI
2026-03-12 08:18:43,428 - ChaosSwarm - ERROR - [Persona: Supplier] - [Görev: Admin panel: Kullanıcı yasaklama] - HATA: 500 Internal Server Error (Checkout API)
2026-03-12 08:18:56,571 - ChaosSwarm - INFO - [Persona: Admin] - [Görev: Çoklu para birimi değişimi] - BAŞARILI
2026-03-12 08:19:01,621 - ChaosSwarm - INFO - [Persona: Admin] - [Görev: Kullanıcı kaydı] - BAŞARILI
2026-03-12 08:19:10,693 - ChaosSwarm - INFO - [Persona: Customer] - [Görev: Giriş yapma] - BAŞARILI
2026-03-12 08:19:21,761 - ChaosSwarm - INFO - [Persona: Customer] - [Görev: Yorum ve puanlama] - BAŞARILI
2026-03-12 08:19:32,766 - ChaosSwarm - INFO - [Persona: Supplier] - [Görev: Stripe ödemesi] - BAŞARILI
2026-03-12 08:19:43,782 - ChaosSwarm - INFO - [Persona: Admin] - [Görev: Stripe ödemesi] - BAŞARILI
2026-03-12 08:19:52,792 - ChaosSwarm - INFO - [Persona: Supplier] - [Görev: Stripe ödemesi] - BAŞARILI
2026-03-12 08:20:00,826 - ChaosSwarm - INFO - [Persona: Customer] - [Görev: AI ile pazarlık] - BAŞARILI
2026-03-12 08:20:09,898 - ChaosSwarm - ERROR - [Persona: Customer] - [Görev: Kullanıcı kaydı] - HATA: 404 Not Found on API Key Route
2026-03-12 08:20:18,926 - ChaosSwarm - INFO - [Persona: Customer] - [Görev: Admin panel: Kullanıcı yasaklama] - BAŞARILI
2026-03-12 08:20:32,000 - ChaosSwarm - INFO - [Persona: Admin] - [Görev: Yorum ve puanlama] - BAŞARILI
2026-03-12 08:20:47,067 - ChaosSwarm - INFO - [Persona: Admin] - [Görev: Ürün arama] - BAŞARILI
2026-03-12 08:21:00,143 - ChaosSwarm - INFO - [Persona: Admin] - [Görev: Kargo takibi] - BAŞARILI
2026-03-12 08:21:10,176 - ChaosSwarm - INFO - [Persona: Admin] - [Görev: Ürün arama] - BAŞARILI
2026-03-12 08:21:15,208 - ChaosSwarm - INFO - [Persona: Supplier] - [Görev: Stripe ödemesi] - BAŞARILI
2026-03-12 08:21:29,283 - ChaosSwarm - INFO - [Persona: Customer] - [Görev: Giriş yapma] - BAŞARILI
2026-03-12 08:21:41,312 - ChaosSwarm - ERROR - [Persona: Admin] - [Görev: Sipariş geçmişi görüntüleme] - HATA: 404 Not Found on API Key Route
2026-03-12 08:21:53,377 - ChaosSwarm - ERROR - [Persona: Supplier] - [Görev: AI ile pazarlık] - HATA: React TypeError in ProductCard Component
2026-03-12 08:21:58,453 - ChaosSwarm - INFO - [Persona: Admin] - [Görev: İndirim kodu uygulama] - BAŞARILI
2026-03-12 08:22:10,520 - ChaosSwarm - ERROR - [Persona: Admin] - [Görev: Favorilere ekleme] - HATA: UX Error: Sepete Ekle butonu kırık/tıklanmıyor
2026-03-12 08:22:24,573 - ChaosSwarm - INFO - [Persona: Customer] - [Görev: Tedarikçi envanter güncelleme] - BAŞARILI
2026-03-12 08:22:37,644 - ChaosSwarm - ERROR - [Persona: Admin] - [Görev: AI ile pazarlık] - HATA: 404 Not Found on API Key Route
2026-03-12 08:22:49,713 - ChaosSwarm - INFO - [Persona: Supplier] - [Görev: Profil güncelleme] - BAŞARILI
2026-03-12 08:22:56,777 - ChaosSwarm - INFO - [Persona: Supplier] - [Görev: Kullanıcı kaydı] - BAŞARILI
2026-03-12 08:23:07,802 - ChaosSwarm - INFO - [Persona: Customer] - [Görev: Favorilere ekleme] - BAŞARILI
2026-03-12 08:23:16,850 - ChaosSwarm - INFO - [Persona: Admin] - [Görev: Çoklu para birimi değişimi] - BAŞARILI
2026-03-12 08:23:27,920 - ChaosSwarm - INFO - [Persona: Admin] - [Görev: İndirim kodu uygulama] - BAŞARILI
2026-03-12 08:23:37,951 - ChaosSwarm - INFO - [Persona: Customer] - [Görev: Tedarikçi envanter güncelleme] - BAŞARILI
2026-03-12 08:23:43,026 - ChaosSwarm - INFO - [Persona: Admin] - [Görev: Kargo takibi] - BAŞARILI
2026-03-12 08:23:48,093 - ChaosSwarm - INFO - [Persona: Customer] - [Görev: Şifre sıfırlama] - BAŞARILI
2026-03-12 08:23:54,167 - ChaosSwarm - INFO - [Persona: Supplier] - [Görev: Favorilere ekleme] - BAŞARILI
2026-03-12 08:24:03,183 - ChaosSwarm - ERROR - [Persona: Customer] - [Görev: Kullanıcı kaydı] - HATA: Gümrük onayında yetki hatası (403 Forbidden)
2026-03-12 08:24:08,225 - ChaosSwarm - ERROR - [Persona: Supplier] - [Görev: Ürün arama] - HATA: Timeout on Stripe Webhook
2026-03-12 08:24:16,295 - ChaosSwarm - INFO - [Persona: Customer] - [Görev: İndirim kodu uygulama] - BAŞARILI
2026-03-12 08:24:28,415 - ChaosSwarm - INFO - [Persona: Supplier] - [Görev: Sepete ürün ekleme] - BAŞARILI
2026-03-12 08:24:40,443 - ChaosSwarm - INFO - [Persona: Customer] - [Görev: İndirim kodu uygulama] - BAŞARILI
2026-03-12 08:24:55,514 - ChaosSwarm - INFO - [Persona: Customer] - [Görev: Gümrük onayı] - BAŞARILI
2026-03-12 08:25:05,562 - ChaosSwarm - INFO - [Persona: Supplier] - [Görev: Tedarikçi envanter güncelleme] - BAŞARILI
2026-03-12 08:25:18,633 - ChaosSwarm - INFO - [Persona: Supplier] - [Görev: Stripe ödemesi] - BAŞARILI
2026-03-12 08:25:33,764 - ChaosSwarm - INFO - [Persona: Customer] - [Görev: Destek talebi oluşturma] - BAŞARILI
2026-03-12 08:25:40,865 - ChaosSwarm - INFO - [Persona: Supplier] - [Görev: Destek talebi oluşturma] - BAŞARILI
2026-03-12 08:25:51,937 - ChaosSwarm - INFO - [Persona: Customer] - [Görev: Sipariş geçmişi görüntüleme] - BAŞARILI
2026-03-12 08:26:06,003 - ChaosSwarm - INFO - [Persona: Supplier] - [Görev: Profil güncelleme] - BAŞARILI
2026-03-12 08:26:14,008 - ChaosSwarm - INFO - [Persona: Admin] - [Görev: Kargo takibi] - BAŞARILI
2026-03-12 08:26:25,063 - ChaosSwarm - INFO - [Persona: Customer] - [Görev: Çoklu para birimi değişimi] - BAŞARILI
2026-03-12 08:26:32,083 - ChaosSwarm - INFO - [Persona: Admin] - [Görev: Tedarikçi envanter güncelleme] - BAŞARILI
2026-03-12 08:26:43,487 - ChaosSwarm - INFO - [Persona: Supplier] - [Görev: Giriş yapma] - BAŞARILI
2026-03-12 08:26:57,874 - ChaosSwarm - INFO - [Persona: Customer] - [Görev: Admin panel: Satış raporu alma] - BAŞARILI
2026-03-12 08:27:03,900 - ChaosSwarm - INFO - [Persona: Supplier] - [Görev: Favorilere ekleme] - BAŞARILI
2026-03-12 08:27:12,958 - ChaosSwarm - ERROR - [Persona: Supplier] - [Görev: Profil güncelleme] - HATA: Gümrük onayında yetki hatası (403 Forbidden)
2026-03-12 08:27:19,969 - ChaosSwarm - ERROR - [Persona: Customer] - [Görev: AI ile pazarlık] - HATA: Timeout on Stripe Webhook
2026-03-12 08:27:29,029 - ChaosSwarm - INFO - [Persona: Supplier] - [Görev: Sepete ürün ekleme] - BAŞARILI
2026-03-12 08:27:45,063 - ChaosSwarm - INFO - [Persona: Admin] - [Görev: Yorum ve puanlama] - BAŞARILI
2026-03-12 08:27:50,892 - ChaosSwarm - ERROR - [Persona: Admin] - [Görev: Ürün arama] - HATA: Timeout on Stripe Webhook
2026-03-12 08:28:02,029 - ChaosSwarm - INFO - [Persona: Customer] - [Görev: Destek talebi oluşturma] - BAŞARILI
2026-03-12 08:28:15,179 - ChaosSwarm - INFO - [Persona: Customer] - [Görev: Çoklu para birimi değişimi] - BAŞARILI
2026-03-12 08:28:30,389 - ChaosSwarm - ERROR - [Persona: Customer] - [Görev: Ürün arama] - HATA: Timeout on Stripe Webhook
2026-03-12 08:28:45,507 - ChaosSwarm - INFO - [Persona: Supplier] - [Görev: Kargo takibi] - BAŞARILI
2026-03-12 08:28:52,607 - ChaosSwarm - INFO - [Persona: Supplier] - [Görev: Tedarikçi envanter güncelleme] - BAŞARILI
2026-03-12 08:29:05,695 - ChaosSwarm - INFO - [Persona: Admin] - [Görev: Favorilere ekleme] - BAŞARILI
2026-03-12 08:29:13,709 - ChaosSwarm - INFO - [Persona: Supplier] - [Görev: Kullanıcı kaydı] - BAŞARILI
2026-03-12 08:29:26,825 - ChaosSwarm - INFO - [Persona: Admin] - [Görev: Profil güncelleme] - BAŞARILI
